[lua_lsp] 2024/10/10 14:14:08  @/home/kome/Documents/code-projects/random/nelua_lsp/utils/logger.nelua:@ppcode:16: Started
[lua_lsp] 2024/10/10 14:14:08  @/home/kome/Documents/code-projects/random/nelua_lsp/utils/logger.nelua:@ppcode:32: Method: initialize
[lua_lsp] 2024/10/10 14:14:08  @/home/kome/Documents/code-projects/random/nelua_lsp/utils/logger.nelua:@ppcode:32: Method: initialized
[lua_lsp] 2024/10/10 14:14:08  @/home/kome/Documents/code-projects/random/nelua_lsp/utils/logger.nelua:@ppcode:32: Method: textDocument/didOpen
[lua_lsp] 2024/10/10 14:14:09  @/home/kome/Documents/code-projects/random/nelua_lsp/utils/logger.nelua:@ppcode:32: Method: textDocument/didChange
[lua_lsp] 2024/10/10 14:14:10  @/home/kome/Documents/code-projects/random/nelua_lsp/utils/logger.nelua:@ppcode:32: Method: textDocument/didChange
[lua_lsp] 2024/10/10 14:14:10  @/home/kome/Documents/code-projects/random/nelua_lsp/utils/logger.nelua:@ppcode:32: Method: textDocument/didChange
[lua_lsp] 2024/10/10 14:14:10  @/home/kome/Documents/code-projects/random/nelua_lsp/utils/logger.nelua:@ppcode:32: Method: textDocument/didChange
[lua_lsp] 2024/10/10 14:14:10  @/home/kome/Documents/code-projects/random/nelua_lsp/utils/logger.nelua:@ppcode:32: Method: textDocument/completion
[lua_lsp] 2024/10/10 14:14:10  @/home/kome/Documents/code-projects/random/nelua_lsp/utils/logger.nelua:@ppcode:32: Method: textDocument/didChange
[lua_lsp] 2024/10/10 14:14:10  @/home/kome/Documents/code-projects/random/nelua_lsp/utils/logger.nelua:@ppcode:32: Method: textDocument/didChange
[lua_lsp] 2024/10/10 14:14:11  @/home/kome/Documents/code-projects/random/nelua_lsp/utils/logger.nelua:@ppcode:32: Method: textDocument/didChange
[lua_lsp] 2024/10/10 14:14:11  @/home/kome/Documents/code-projects/random/nelua_lsp/utils/logger.nelua:@ppcode:32: Method: textDocument/didChange
[lua_lsp] 2024/10/10 14:14:11  @/home/kome/Documents/code-projects/random/nelua_lsp/utils/logger.nelua:@ppcode:32: Method: textDocument/didChange
[lua_lsp] 2024/10/10 14:14:12  @/home/kome/Documents/code-projects/random/nelua_lsp/utils/logger.nelua:@ppcode:32: Method: textDocument/didChange
[lua_lsp] 2024/10/10 14:14:12  @/home/kome/Documents/code-projects/random/nelua_lsp/utils/logger.nelua:@ppcode:32: Method: textDocument/completion
[lua_lsp] 2024/10/10 14:14:12  @/home/kome/Documents/code-projects/random/nelua_lsp/utils/logger.nelua:@ppcode:32: Method: textDocument/didChange
[lua_lsp] 2024/10/10 14:14:12  @/home/kome/Documents/code-projects/random/nelua_lsp/utils/logger.nelua:@ppcode:32: Method: textDocument/didChange
[lua_lsp] 2024/10/10 14:14:12  @/home/kome/Documents/code-projects/random/nelua_lsp/utils/logger.nelua:@ppcode:32: Method: textDocument/didChange
[lua_lsp] 2024/10/10 14:14:12  @/home/kome/Documents/code-projects/random/nelua_lsp/utils/logger.nelua:@ppcode:32: Method: textDocument/completion
[lua_lsp] 2024/10/10 14:14:13  @/home/kome/Documents/code-projects/random/nelua_lsp/utils/logger.nelua:@ppcode:32: Method: textDocument/didChange
[lua_lsp] 2024/10/10 14:14:13  @/home/kome/Documents/code-projects/random/nelua_lsp/utils/logger.nelua:@ppcode:32: Method: textDocument/completion
[lua_lsp] 2024/10/10 14:14:13  @/home/kome/Documents/code-projects/random/nelua_lsp/utils/logger.nelua:@ppcode:32: Method: textDocument/didChange
[lua_lsp] 2024/10/10 14:14:15  @/home/kome/Documents/code-projects/random/nelua_lsp/utils/logger.nelua:@ppcode:32: Method: textDocument/didChange
[lua_lsp] 2024/10/10 14:14:16  @/home/kome/Documents/code-projects/random/nelua_lsp/utils/logger.nelua:@ppcode:32: Method: textDocument/didChange
[lua_lsp] 2024/10/10 14:14:16  @/home/kome/Documents/code-projects/random/nelua_lsp/utils/logger.nelua:@ppcode:32: Method: textDocument/didChange
[lua_lsp] 2024/10/10 14:14:16  @/home/kome/Documents/code-projects/random/nelua_lsp/utils/logger.nelua:@ppcode:32: Method: textDocument/didChange
[lua_lsp] 2024/10/10 14:14:16  @/home/kome/Documents/code-projects/random/nelua_lsp/utils/logger.nelua:@ppcode:32: Method: textDocument/didChange
[lua_lsp] 2024/10/10 14:14:17  @/home/kome/Documents/code-projects/random/nelua_lsp/utils/logger.nelua:@ppcode:32: Method: textDocument/completion
[lua_lsp] 2024/10/10 14:14:17  @/home/kome/Documents/code-projects/random/nelua_lsp/utils/logger.nelua:@ppcode:32: Method: textDocument/didChange
[lua_lsp] 2024/10/10 14:14:17  @/home/kome/Documents/code-projects/random/nelua_lsp/utils/logger.nelua:@ppcode:32: Method: textDocument/completion
[lua_lsp] 2024/10/10 14:14:18  @/home/kome/Documents/code-projects/random/nelua_lsp/utils/logger.nelua:@ppcode:32: Method: textDocument/didChange
[lua_lsp] 2024/10/10 14:14:18  @/home/kome/Documents/code-projects/random/nelua_lsp/utils/logger.nelua:@ppcode:32: Method: textDocument/didChange
[lua_lsp] 2024/10/10 14:14:19  @/home/kome/Documents/code-projects/random/nelua_lsp/utils/logger.nelua:@ppcode:32: Method: textDocument/didChange
[lua_lsp] 2024/10/10 14:14:20  @/home/kome/Documents/code-projects/random/nelua_lsp/utils/logger.nelua:@ppcode:32: Method: textDocument/completion
[lua_lsp] 2024/10/10 14:14:20  @/home/kome/Documents/code-projects/random/nelua_lsp/utils/logger.nelua:@ppcode:32: Method: textDocument/didChange
[lua_lsp] 2024/10/10 14:14:20  @/home/kome/Documents/code-projects/random/nelua_lsp/utils/logger.nelua:@ppcode:32: Method: textDocument/didChange
[lua_lsp] 2024/10/10 14:14:20  @/home/kome/Documents/code-projects/random/nelua_lsp/utils/logger.nelua:@ppcode:32: Method: textDocument/didChange
[lua_lsp] 2024/10/10 14:14:20  @/home/kome/Documents/code-projects/random/nelua_lsp/utils/logger.nelua:@ppcode:32: Method: textDocument/didChange
[lua_lsp] 2024/10/10 14:14:20  @/home/kome/Documents/code-projects/random/nelua_lsp/utils/logger.nelua:@ppcode:32: Method: textDocument/didChange
[lua_lsp] 2024/10/10 14:14:21  @/home/kome/Documents/code-projects/random/nelua_lsp/utils/logger.nelua:@ppcode:32: Method: textDocument/didChange
[lua_lsp] 2024/10/10 14:14:21  @/home/kome/Documents/code-projects/random/nelua_lsp/utils/logger.nelua:@ppcode:32: Method: textDocument/completion
[lua_lsp] 2024/10/10 14:14:22  @/home/kome/Documents/code-projects/random/nelua_lsp/utils/logger.nelua:@ppcode:32: Method: textDocument/didChange
[lua_lsp] 2024/10/10 14:14:22  @/home/kome/Documents/code-projects/random/nelua_lsp/utils/logger.nelua:@ppcode:32: Method: textDocument/didChange
[lua_lsp] 2024/10/10 14:14:22  @/home/kome/Documents/code-projects/random/nelua_lsp/utils/logger.nelua:@ppcode:32: Method: textDocument/didChange
[lua_lsp] 2024/10/10 14:14:22  @/home/kome/Documents/code-projects/random/nelua_lsp/utils/logger.nelua:@ppcode:32: Method: textDocument/didChange
[lua_lsp] 2024/10/10 14:14:22  @/home/kome/Documents/code-projects/random/nelua_lsp/utils/logger.nelua:@ppcode:32: Method: textDocument/completion
[lua_lsp] 2024/10/10 14:14:23  @/home/kome/Documents/code-projects/random/nelua_lsp/utils/logger.nelua:@ppcode:32: Method: textDocument/didChange
[lua_lsp] 2024/10/10 14:14:23  @/home/kome/Documents/code-projects/random/nelua_lsp/utils/logger.nelua:@ppcode:32: Method: textDocument/didChange
[lua_lsp] 2024/10/10 14:14:24  @/home/kome/Documents/code-projects/random/nelua_lsp/utils/logger.nelua:@ppcode:32: Method: textDocument/completion
[lua_lsp] 2024/10/10 14:14:24  @/home/kome/Documents/code-projects/random/nelua_lsp/utils/logger.nelua:@ppcode:32: Method: textDocument/didChange
[lua_lsp] 2024/10/10 14:14:24  @/home/kome/Documents/code-projects/random/nelua_lsp/utils/logger.nelua:@ppcode:32: Method: textDocument/didSave
[lua_lsp] 2024/10/10 14:15:27  @/home/kome/Documents/code-projects/random/nelua_lsp/utils/logger.nelua:@ppcode:32: Method: textDocument/didChange
[lua_lsp] 2024/10/10 14:15:27  @/home/kome/Documents/code-projects/random/nelua_lsp/utils/logger.nelua:@ppcode:32: Method: textDocument/didChange
[lua_lsp] 2024/10/10 14:15:28  @/home/kome/Documents/code-projects/random/nelua_lsp/utils/logger.nelua:@ppcode:32: Method: textDocument/completion
[lua_lsp] 2024/10/10 14:15:28  @/home/kome/Documents/code-projects/random/nelua_lsp/utils/logger.nelua:@ppcode:32: Method: textDocument/didChange
[lua_lsp] 2024/10/10 14:15:28  @/home/kome/Documents/code-projects/random/nelua_lsp/utils/logger.nelua:@ppcode:32: Method: textDocument/didChange
[lua_lsp] 2024/10/10 14:15:28  @/home/kome/Documents/code-projects/random/nelua_lsp/utils/logger.nelua:@ppcode:32: Method: textDocument/didChange
[lua_lsp] 2024/10/10 14:15:28  @/home/kome/Documents/code-projects/random/nelua_lsp/utils/logger.nelua:@ppcode:32: Method: textDocument/didChange
[lua_lsp] 2024/10/10 14:15:29  @/home/kome/Documents/code-projects/random/nelua_lsp/utils/logger.nelua:@ppcode:32: Method: textDocument/completion
[lua_lsp] 2024/10/10 14:15:29  @/home/kome/Documents/code-projects/random/nelua_lsp/utils/logger.nelua:@ppcode:32: Method: textDocument/didChange
[lua_lsp] 2024/10/10 14:15:29  @/home/kome/Documents/code-projects/random/nelua_lsp/utils/logger.nelua:@ppcode:32: Method: textDocument/completion
[lua_lsp] 2024/10/10 14:15:30  @/home/kome/Documents/code-projects/random/nelua_lsp/utils/logger.nelua:@ppcode:32: Method: textDocument/didChange
[lua_lsp] 2024/10/10 14:15:30  @/home/kome/Documents/code-projects/random/nelua_lsp/utils/logger.nelua:@ppcode:32: Method: textDocument/didChange
[lua_lsp] 2024/10/10 14:15:30  @/home/kome/Documents/code-projects/random/nelua_lsp/utils/logger.nelua:@ppcode:32: Method: textDocument/didChange
[lua_lsp] 2024/10/10 14:15:30  @/home/kome/Documents/code-projects/random/nelua_lsp/utils/logger.nelua:@ppcode:32: Method: textDocument/completion
[lua_lsp] 2024/10/10 14:15:30  @/home/kome/Documents/code-projects/random/nelua_lsp/utils/logger.nelua:@ppcode:32: Method: textDocument/didChange
[lua_lsp] 2024/10/10 14:15:30  @/home/kome/Documents/code-projects/random/nelua_lsp/utils/logger.nelua:@ppcode:32: Method: textDocument/didChange
[lua_lsp] 2024/10/10 14:15:30  @/home/kome/Documents/code-projects/random/nelua_lsp/utils/logger.nelua:@ppcode:32: Method: textDocument/didChange
[lua_lsp] 2024/10/10 14:15:31  @/home/kome/Documents/code-projects/random/nelua_lsp/utils/logger.nelua:@ppcode:32: Method: textDocument/didChange
[lua_lsp] 2024/10/10 14:15:31  @/home/kome/Documents/code-projects/random/nelua_lsp/utils/logger.nelua:@ppcode:32: Method: textDocument/didChange
[lua_lsp] 2024/10/10 14:15:31  @/home/kome/Documents/code-projects/random/nelua_lsp/utils/logger.nelua:@ppcode:32: Method: textDocument/didChange
[lua_lsp] 2024/10/10 14:15:31  @/home/kome/Documents/code-projects/random/nelua_lsp/utils/logger.nelua:@ppcode:32: Method: textDocument/completion
[lua_lsp] 2024/10/10 14:15:31  @/home/kome/Documents/code-projects/random/nelua_lsp/utils/logger.nelua:@ppcode:32: Method: textDocument/didChange
[lua_lsp] 2024/10/10 14:15:31  @/home/kome/Documents/code-projects/random/nelua_lsp/utils/logger.nelua:@ppcode:32: Method: textDocument/didChange
[lua_lsp] 2024/10/10 14:15:32  @/home/kome/Documents/code-projects/random/nelua_lsp/utils/logger.nelua:@ppcode:32: Method: textDocument/didChange
[lua_lsp] 2024/10/10 14:15:33  @/home/kome/Documents/code-projects/random/nelua_lsp/utils/logger.nelua:@ppcode:32: Method: textDocument/didChange
[lua_lsp] 2024/10/10 14:15:33  @/home/kome/Documents/code-projects/random/nelua_lsp/utils/logger.nelua:@ppcode:32: Method: textDocument/didChange
[lua_lsp] 2024/10/10 14:15:33  @/home/kome/Documents/code-projects/random/nelua_lsp/utils/logger.nelua:@ppcode:32: Method: textDocument/didChange
[lua_lsp] 2024/10/10 14:15:33  @/home/kome/Documents/code-projects/random/nelua_lsp/utils/logger.nelua:@ppcode:32: Method: textDocument/didChange
[lua_lsp] 2024/10/10 14:15:33  @/home/kome/Documents/code-projects/random/nelua_lsp/utils/logger.nelua:@ppcode:32: Method: textDocument/didChange
[lua_lsp] 2024/10/10 14:15:34  @/home/kome/Documents/code-projects/random/nelua_lsp/utils/logger.nelua:@ppcode:32: Method: textDocument/didChange
[lua_lsp] 2024/10/10 14:15:34  @/home/kome/Documents/code-projects/random/nelua_lsp/utils/logger.nelua:@ppcode:32: Method: textDocument/completion
[lua_lsp] 2024/10/10 14:15:34  @/home/kome/Documents/code-projects/random/nelua_lsp/utils/logger.nelua:@ppcode:32: Method: textDocument/didChange
[lua_lsp] 2024/10/10 14:15:35  @/home/kome/Documents/code-projects/random/nelua_lsp/utils/logger.nelua:@ppcode:32: Method: textDocument/didChange
[lua_lsp] 2024/10/10 14:15:35  @/home/kome/Documents/code-projects/random/nelua_lsp/utils/logger.nelua:@ppcode:32: Method: textDocument/didChange
[lua_lsp] 2024/10/10 14:15:35  @/home/kome/Documents/code-projects/random/nelua_lsp/utils/logger.nelua:@ppcode:32: Method: textDocument/didChange
[lua_lsp] 2024/10/10 14:15:35  @/home/kome/Documents/code-projects/random/nelua_lsp/utils/logger.nelua:@ppcode:32: Method: textDocument/completion
[lua_lsp] 2024/10/10 14:15:35  @/home/kome/Documents/code-projects/random/nelua_lsp/utils/logger.nelua:@ppcode:32: Method: textDocument/didChange
[lua_lsp] 2024/10/10 14:15:36  @/home/kome/Documents/code-projects/random/nelua_lsp/utils/logger.nelua:@ppcode:32: Method: textDocument/didChange
[lua_lsp] 2024/10/10 14:15:36  @/home/kome/Documents/code-projects/random/nelua_lsp/utils/logger.nelua:@ppcode:32: Method: textDocument/completion
[lua_lsp] 2024/10/10 14:15:36  @/home/kome/Documents/code-projects/random/nelua_lsp/utils/logger.nelua:@ppcode:32: Method: textDocument/didChange
[lua_lsp] 2024/10/10 14:15:36  @/home/kome/Documents/code-projects/random/nelua_lsp/utils/logger.nelua:@ppcode:32: Method: textDocument/didChange
[lua_lsp] 2024/10/10 14:15:36  @/home/kome/Documents/code-projects/random/nelua_lsp/utils/logger.nelua:@ppcode:32: Method: textDocument/didChange
[lua_lsp] 2024/10/10 14:15:37  @/home/kome/Documents/code-projects/random/nelua_lsp/utils/logger.nelua:@ppcode:32: Method: textDocument/completion
[lua_lsp] 2024/10/10 14:15:37  @/home/kome/Documents/code-projects/random/nelua_lsp/utils/logger.nelua:@ppcode:32: Method: textDocument/didChange
[lua_lsp] 2024/10/10 14:15:37  @/home/kome/Documents/code-projects/random/nelua_lsp/utils/logger.nelua:@ppcode:32: Method: textDocument/didChange
[lua_lsp] 2024/10/10 14:15:37  @/home/kome/Documents/code-projects/random/nelua_lsp/utils/logger.nelua:@ppcode:32: Method: textDocument/didChange
[lua_lsp] 2024/10/10 14:15:37  @/home/kome/Documents/code-projects/random/nelua_lsp/utils/logger.nelua:@ppcode:32: Method: textDocument/didChange
[lua_lsp] 2024/10/10 14:15:37  @/home/kome/Documents/code-projects/random/nelua_lsp/utils/logger.nelua:@ppcode:32: Method: textDocument/didChange
[lua_lsp] 2024/10/10 14:15:38  @/home/kome/Documents/code-projects/random/nelua_lsp/utils/logger.nelua:@ppcode:32: Method: textDocument/didSave
[lua_lsp] 2024/10/10 14:16:02  @/home/kome/Documents/code-projects/random/nelua_lsp/utils/logger.nelua:@ppcode:32: Method: shutdown
[lua_lsp] 2024/10/10 14:16:02  @/home/kome/Documents/code-projects/random/nelua_lsp/utils/logger.nelua:@ppcode:32: Server has been shutdown
[lua_lsp] 2024/10/10 14:16:02  @/home/kome/Documents/code-projects/random/nelua_lsp/utils/logger.nelua:@ppcode:32: Method: exit
